2024-12-08 00:46:44,231 - Process terminated: docker.exe (PID: 32096)
2024-12-08 00:46:44,231 - Process terminated: conhost.exe (PID: 26508)
2024-12-08 00:46:44,231 - Process terminated: docker.exe (PID: 13680)
2024-12-08 00:46:44,232 - Process terminated: conhost.exe (PID: 29076)
2024-12-08 00:46:57,350 - Process terminated: com.docker.cli.exe (PID: 14400)
2024-12-08 00:46:57,350 - Process terminated: docker.exe (PID: 29988)
2024-12-08 00:46:57,351 - Process terminated: docker.exe (PID: 22308)
2024-12-08 00:46:57,352 - Process terminated: com.docker.cli.exe (PID: 22008)
2024-12-08 00:46:57,353 - Process terminated: conhost.exe (PID: 14644)
2024-12-08 00:46:57,354 - Process terminated: conhost.exe (PID: 11704)
2024-12-08 00:47:10,483 - Process terminated: conhost.exe (PID: 11200)
2024-12-08 00:47:10,484 - Process terminated: docker.exe (PID: 31988)
2024-12-08 00:47:10,485 - Process terminated: docker.exe (PID: 29936)
2024-12-08 00:47:10,485 - Process terminated: conhost.exe (PID: 32696)
2024-12-08 00:47:25,616 - Process terminated: docker.exe (PID: 30184)
2024-12-08 00:47:25,616 - Process terminated: conhost.exe (PID: 31652)
2024-12-08 00:47:25,616 - Process terminated: conhost.exe (PID: 8212)
2024-12-08 00:47:25,617 - Process terminated: docker.exe (PID: 24892)
2024-12-08 00:47:27,638 - Process terminated: chrome.exe (PID: 10464)
2024-12-08 00:47:32,698 - Process terminated: conhost.exe (PID: 10288)
2024-12-08 00:47:32,700 - Process terminated: git.exe (PID: 2428)
2024-12-08 00:47:32,702 - Process terminated: conhost.exe (PID: 25116)
2024-12-08 00:47:32,703 - Process terminated: git.exe (PID: 5492)
2024-12-08 00:47:38,774 - Process terminated: conhost.exe (PID: 30848)
2024-12-08 00:47:38,775 - Process terminated: docker.exe (PID: 29744)
2024-12-08 00:47:38,775 - Process terminated: conhost.exe (PID: 30452)
2024-12-08 00:47:38,777 - Process terminated: docker.exe (PID: 29012)
2024-12-08 00:47:39,786 - Process terminated: git-credential-manager.exe (PID: 29060)
2024-12-08 00:47:39,787 - Process terminated: git.exe (PID: 26916)
2024-12-08 00:47:39,787 - Process terminated: git.exe (PID: 7140)
2024-12-08 00:47:39,788 - Process terminated: git.exe (PID: 19112)
2024-12-08 00:47:39,788 - Process terminated: conhost.exe (PID: 22828)
2024-12-08 00:47:39,790 - Process terminated: sh.exe (PID: 19340)
2024-12-08 00:47:39,791 - Process terminated: git.exe (PID: 32308)
2024-12-08 00:47:39,791 - Process terminated: git-remote-https.exe (PID: 22360)
2024-12-08 00:47:41,825 - Process terminated: git.exe (PID: 176)
2024-12-08 00:47:41,826 - Process terminated: conhost.exe (PID: 29652)
2024-12-08 00:47:41,826 - Process terminated: git.exe (PID: 27388)
2024-12-08 00:47:41,828 - Process terminated: conhost.exe (PID: 16304)
2024-12-08 00:47:55,957 - Process terminated: AsusUpdateChecker.exe (PID: 7812)
2024-12-08 00:48:05,045 - Process terminated: conhost.exe (PID: 11044)
2024-12-08 00:48:05,046 - Process terminated: docker.exe (PID: 28840)
2024-12-08 00:48:05,047 - Process terminated: docker.exe (PID: 20904)
2024-12-08 00:48:05,047 - Process terminated: com.docker.cli.exe (PID: 18932)
2024-12-08 00:48:05,048 - Process terminated: conhost.exe (PID: 1752)
2024-12-08 00:48:17,164 - Process terminated: sppsvc.exe (PID: 6168)
2024-12-08 00:48:20,197 - Process terminated: conhost.exe (PID: 27496)
2024-12-08 00:48:20,198 - Process terminated: docker.exe (PID: 22384)
2024-12-08 00:48:20,200 - Process terminated: conhost.exe (PID: 31452)
2024-12-08 00:48:20,200 - Process terminated: docker.exe (PID: 5360)
2024-12-08 00:48:33,339 - Process terminated: conhost.exe (PID: 17808)
2024-12-08 00:48:33,340 - Process terminated: docker.exe (PID: 22188)
2024-12-08 00:48:33,341 - Process terminated: conhost.exe (PID: 26052)
2024-12-08 00:48:33,343 - Process terminated: docker.exe (PID: 7436)
2024-12-08 00:48:44,483 - Process terminated: docker.exe (PID: 23696)
2024-12-08 00:48:44,484 - Process terminated: conhost.exe (PID: 30020)
2024-12-08 00:48:46,552 - Process terminated: conhost.exe (PID: 17300)
2024-12-08 00:48:46,554 - Process terminated: docker.exe (PID: 22084)
2024-12-08 00:48:57,667 - Process terminated: conhost.exe (PID: 32352)
2024-12-08 00:48:57,667 - Process terminated: docker.exe (PID: 28428)
2024-12-08 00:48:59,701 - Process terminated: docker.exe (PID: 20488)
2024-12-08 00:48:59,702 - Process terminated: conhost.exe (PID: 27256)
2024-12-08 00:49:06,773 - Process terminated: WmiPrvSE.exe (PID: 6224)
2024-12-08 00:49:12,847 - Process terminated: conhost.exe (PID: 31344)
2024-12-08 00:49:12,848 - Process terminated: docker.exe (PID: 12124)
2024-12-08 00:49:14,865 - Process terminated: conhost.exe (PID: 32496)
2024-12-08 00:49:14,866 - Process terminated: docker.exe (PID: 31908)
2024-12-08 00:49:25,966 - Process terminated: conhost.exe (PID: 8148)
2024-12-08 00:49:25,966 - Process terminated: docker.exe (PID: 17948)
2024-12-08 00:49:30,009 - Process terminated: docker.exe (PID: 16272)
2024-12-08 00:49:30,009 - Process terminated: conhost.exe (PID: 30060)
2024-12-08 00:49:41,119 - Process terminated: docker.exe (PID: 26688)
2024-12-08 00:49:41,119 - Process terminated: com.docker.cli.exe (PID: 1528)
2024-12-08 00:49:41,120 - Process terminated: conhost.exe (PID: 16916)
2024-12-08 00:49:43,149 - Process terminated: conhost.exe (PID: 17904)
2024-12-08 00:49:43,149 - Process terminated: docker.exe (PID: 23788)
2024-12-08 00:49:45,174 - Process terminated: TiWorker.exe (PID: 13464)
2024-12-08 00:49:45,174 - Process terminated: TrustedInstaller.exe (PID: 30556)
2024-12-08 00:49:56,275 - Process terminated: docker.exe (PID: 15456)
2024-12-08 00:49:56,276 - Process terminated: conhost.exe (PID: 24216)
2024-12-08 00:49:58,316 - Process terminated: conhost.exe (PID: 27496)
2024-12-08 00:49:58,317 - Process terminated: docker.exe (PID: 5616)
2024-12-08 00:50:11,438 - Process terminated: com.docker.cli.exe (PID: 28760)
2024-12-08 00:50:11,438 - Process terminated: conhost.exe (PID: 6680)
2024-12-08 00:50:11,441 - Process terminated: smartscreen.exe (PID: 10724)
2024-12-08 00:50:11,441 - Process terminated: docker.exe (PID: 30872)
2024-12-08 00:50:13,458 - Process terminated: conhost.exe (PID: 29620)
2024-12-08 00:50:13,459 - Process terminated: docker.exe (PID: 28164)
2024-12-08 00:50:26,594 - Process terminated: conhost.exe (PID: 15052)
2024-12-08 00:50:26,594 - Process terminated: docker.exe (PID: 29148)
2024-12-08 00:50:37,811 - Process terminated: conhost.exe (PID: 4580)
2024-12-08 00:50:37,811 - Process terminated: com.docker.cli.exe (PID: 12300)
2024-12-08 00:50:37,813 - Process terminated: docker.exe (PID: 25616)
2024-12-08 00:50:37,813 - Process terminated: conhost.exe (PID: 3288)
2024-12-08 00:50:37,814 - Process terminated: docker.exe (PID: 2140)
2024-12-08 00:50:41,871 - Process terminated: sh.exe (PID: 23488)
2024-12-08 00:50:41,871 - Process terminated: git-credential-manager.exe (PID: 19792)
2024-12-08 00:50:41,873 - Process terminated: git.exe (PID: 24136)
2024-12-08 00:50:42,887 - Process terminated: git-remote-https.exe (PID: 25312)
2024-12-08 00:50:42,887 - Process terminated: git.exe (PID: 2980)
2024-12-08 00:50:42,889 - Process terminated: git.exe (PID: 7876)
2024-12-08 00:50:42,901 - Process terminated: git.exe (PID: 9228)
2024-12-08 00:50:42,904 - Process terminated: git.exe (PID: 29804)
2024-12-08 00:50:42,908 - Process terminated: conhost.exe (PID: 23664)
2024-12-08 00:50:42,911 - Process terminated: sh.exe (PID: 32632)
2024-12-08 00:50:42,912 - Process terminated: git.exe (PID: 8312)
2024-12-08 00:50:42,913 - Process terminated: git-credential-manager.exe (PID: 19516)
2024-12-08 00:50:51,056 - Process terminated: docker.exe (PID: 3752)
2024-12-08 00:50:51,056 - Process terminated: conhost.exe (PID: 32748)
2024-12-08 00:50:53,078 - Process terminated: docker.exe (PID: 19368)
2024-12-08 00:50:53,078 - Process terminated: conhost.exe (PID: 32008)
2024-12-08 00:51:01,151 - Process terminated: chrome.exe (PID: 27820)
2024-12-08 00:51:01,151 - Process terminated: chrome.exe (PID: 11276)
2024-12-08 00:51:06,197 - Process terminated: conhost.exe (PID: 30764)
2024-12-08 00:51:06,197 - Process terminated: com.docker.cli.exe (PID: 23788)
2024-12-08 00:51:06,198 - Process terminated: conhost.exe (PID: 15148)
2024-12-08 00:51:06,199 - Process terminated: docker.exe (PID: 28144)
2024-12-08 00:51:06,200 - Process terminated: docker.exe (PID: 16252)
2024-12-08 00:51:19,333 - Process terminated: conhost.exe (PID: 25120)
2024-12-08 00:51:19,334 - Process terminated: com.docker.cli.exe (PID: 17920)
2024-12-08 00:51:19,334 - Process terminated: docker.exe (PID: 23400)
2024-12-08 00:51:19,335 - Process terminated: conhost.exe (PID: 11048)
2024-12-08 00:51:19,336 - Process terminated: com.docker.cli.exe (PID: 19276)
2024-12-08 00:51:19,336 - Process terminated: docker.exe (PID: 9040)
2024-12-08 00:51:34,481 - Process terminated: docker.exe (PID: 8544)
2024-12-08 00:51:34,482 - Process terminated: conhost.exe (PID: 15820)
2024-12-08 00:51:34,486 - Process terminated: conhost.exe (PID: 19324)
2024-12-08 00:51:34,487 - Process terminated: docker.exe (PID: 13720)
